[Sat Oct 23 10:38:40 2021 : 717690] speechd:   Speech Dispatcher Logging to file /home/omerpolat/.cache/speech-dispatcher/log//speech-dispatcher.log
[Sat Oct 23 10:38:40 2021 : 734711] speechd:  Configuration has been read from "/etc/speech-dispatcher/speechd.conf"
[Sat Oct 23 10:38:41 2021 : 167897] speechd:  Initializing output module dummy with binary /usr/lib/speech-dispatcher-modules/sd_dummy and configuration /etc/speech-dispatcher/modules/dummy.conf
[Sat Oct 23 10:38:41 2021 : 168069] speechd:   Output module is logging to file /home/omerpolat/.cache/speech-dispatcher/log//dummy.log
[Sat Oct 23 10:38:41 2021 : 176661] speechd:  Module dummy loaded.
[Sat Oct 23 10:38:41 2021 : 257370] speechd:  Module dummy started successfully with message: 
---------------
Everything ok so far.
---------------

[Sat Oct 23 10:38:41 2021 : 345155] speechd:  Error: Module reported error in request from speechd (code 3xx): 300-Opening sound device failed. Reason: Couldn't open pulse plugin. 
300 UNKNOWN ERROR
.
[Sat Oct 23 10:38:41 2021 : 345333] speechd: ERROR: Can't initialize audio in output module, see reason above.
[Sat Oct 23 10:38:41 2021 : 350788] speechd:  Initializing output module espeak-ng with binary /usr/lib/speech-dispatcher-modules/sd_espeak-ng and configuration /etc/speech-dispatcher/modules/espeak-ng.conf
[Sat Oct 23 10:38:41 2021 : 350912] speechd:   Output module is logging to file /home/omerpolat/.cache/speech-dispatcher/log//espeak-ng.log
[Sat Oct 23 10:38:41 2021 : 356730] speechd:  Module espeak-ng loaded.
[Sat Oct 23 10:38:43 2021 : 655145] speechd:  Module espeak-ng started successfully with message: 
---------------
Espeak-ng: Initialized successfully.
---------------

[Sat Oct 23 10:38:43 2021 : 657498] speechd:  Error: Module reported error in request from speechd (code 3xx): 300-Opening sound device failed. Reason: Couldn't open pulse plugin. 
300 UNKNOWN ERROR
.
[Sat Oct 23 10:38:43 2021 : 657538] speechd: ERROR: Can't initialize audio in output module, see reason above.
[Sat Oct 23 10:38:43 2021 : 657961] speechd:  Initializing output module espeak-generic with binary /usr/lib/speech-dispatcher-modules/sd_generic and configuration /etc/speech-dispatcher/modules/espeak-generic.conf
[Sat Oct 23 10:38:43 2021 : 657997] speechd:   Output module is logging to file /home/omerpolat/.cache/speech-dispatcher/log//espeak-generic.log
[Sat Oct 23 10:38:43 2021 : 661291] speechd:  Module espeak-generic loaded.
[Sat Oct 23 10:38:43 2021 : 684861] speechd:  Module espeak-generic started successfully with message: 
---------------
Everything ok so far.
---------------

[Sat Oct 23 10:38:43 2021 : 693039] speechd:  Error: Module reported error in request from speechd (code 3xx): 300-Opening sound device failed. Reason: Couldn't open pulse plugin. 
300 UNKNOWN ERROR
.
[Sat Oct 23 10:38:43 2021 : 693079] speechd: ERROR: Can't initialize audio in output module, see reason above.
[Sat Oct 23 10:38:43 2021 : 693450] speechd:  Initializing output module mary-generic with binary /usr/lib/speech-dispatcher-modules/sd_generic and configuration /etc/speech-dispatcher/modules/mary-generic.conf
[Sat Oct 23 10:38:43 2021 : 693486] speechd:   Output module is logging to file /home/omerpolat/.cache/speech-dispatcher/log//mary-generic.log
[Sat Oct 23 10:38:43 2021 : 696545] speechd:  Module mary-generic loaded.
[Sat Oct 23 10:38:43 2021 : 712753] speechd:  Module mary-generic started successfully with message: 
---------------
Everything ok so far.
---------------

[Sat Oct 23 10:38:43 2021 : 720893] speechd:  Error: Module reported error in request from speechd (code 3xx): 300-Opening sound device failed. Reason: Couldn't open pulse plugin. 
300 UNKNOWN ERROR
.
[Sat Oct 23 10:38:43 2021 : 720932] speechd: ERROR: Can't initialize audio in output module, see reason above.
[Sat Oct 23 10:38:43 2021 : 721059] speechd:   Speech Dispatcher Logging to file /home/omerpolat/.cache/speech-dispatcher/log//speech-dispatcher.log
[Sat Oct 23 10:38:43 2021 : 721108] speechd: Error [speechd.c:650]:No speech output modules were loaded - aborting...
